\BOOKMARK [1][-]{section.1}{\376\377\000P\000r\000o\000b\000l\000e\000m\000\040\000D\000e\000f\000i\000n\000i\000t\000i\000o\000n}{}% 1
\BOOKMARK [1][-]{section.2}{\376\377\000P\000r\000o\000j\000e\000c\000t\000\040\000O\000b\000j\000e\000c\000t\000i\000v\000e}{}% 2
\BOOKMARK [2][-]{subsection.2.1}{\376\377\000G\000e\000n\000e\000r\000a\000l\000\040\000o\000b\000j\000e\000c\000t\000i\000v\000e\000\040\000g\000u\000i\000d\000e\000l\000i\000n\000e\000s}{section.2}% 3
\BOOKMARK [1][-]{section.3}{\376\377\000S\000t\000a\000k\000e\000h\000o\000l\000d\000e\000r\000s\000\040\000L\000i\000s\000t}{}% 4
\BOOKMARK [2][-]{subsection.3.1}{\376\377\000I\000n\000t\000e\000r\000n\000a\000l\000\040\000S\000t\000a\000k\000e\000h\000o\000l\000d\000e\000r\000s}{section.3}% 5
\BOOKMARK [2][-]{subsection.3.2}{\376\377\000E\000x\000t\000e\000r\000n\000a\000l\000\040\000S\000t\000a\000k\000e\000h\000o\000l\000d\000e\000r\000s}{section.3}% 6
\BOOKMARK [1][-]{section.4}{\376\377\000S\000u\000c\000c\000e\000s\000s\000/\000A\000c\000c\000e\000p\000t\000a\000n\000c\000e\000\040\000C\000r\000i\000t\000e\000r\000i\000a\000\040\000f\000o\000r\000\040\000e\000a\000c\000h\000\040\000S\000t\000a\000k\000e\000h\000o\000l\000d\000e\000r}{}% 7
\BOOKMARK [1][-]{section.5}{\376\377\000U\000s\000e\000\040\000c\000a\000s\000e\000\040\000d\000i\000a\000g\000r\000a\000m\000\050\000s\000\051}{}% 8
\BOOKMARK [1][-]{section.6}{\376\377\000S\000e\000l\000e\000c\000t\000e\000d\000\040\000U\000s\000e\000\040\000c\000a\000s\000e\000\040\000D\000e\000s\000c\000r\000i\000p\000t\000i\000o\000n\000s\000\040\000o\000n\000l\000y\000\040\000t\000w\000o\000\040\000d\000e\000s\000c\000r\000i\000p\000t\000i\000o\000n\000s}{}% 9
\BOOKMARK [1][-]{section.7}{\376\377\000S\000e\000q\000u\000e\000n\000c\000e\000\040\000d\000i\000a\000g\000r\000a\000m\000\050\000s\000\051\000\040\000f\000o\000r\000\040\000t\000h\000e\000\040\000s\000e\000l\000e\000c\000t\000e\000d\000\040\000u\000s\000e\000\040\000c\000a\000s\000e\000\040\000f\000o\000r\000\040\000d\000e\000s\000c\000r\000i\000p\000t\000i\000o\000n\000s}{}% 10
\BOOKMARK [1][-]{section.8}{\376\377\000S\000y\000s\000t\000e\000m\000\040\000A\000r\000c\000h\000i\000t\000e\000c\000t\000u\000r\000e}{}% 11
\BOOKMARK [1][-]{section.9}{\376\377\000D\000e\000t\000a\000i\000l\000e\000d\000\040\000C\000l\000a\000s\000s\000\040\000d\000i\000a\000g\000r\000a\000m\000\050\000s\000\051}{}% 12
\BOOKMARK [1][-]{section.10}{\376\377\000S\000t\000a\000t\000e\000-\000m\000a\000c\000h\000i\000n\000e\000\040\000d\000i\000a\000g\000r\000a\000m\000\040\000f\000o\000r\000\040\000t\000h\000e\000\040\000w\000h\000o\000l\000e\000\040\000s\000y\000s\000t\000e\000m\000,\000\040\000i\000f\000\040\000p\000o\000s\000s\000i\000b\000l\000e}{}% 13
\BOOKMARK [1][-]{section.11}{\376\377\000E\000n\000t\000i\000t\000y\000\040\000R\000e\000l\000a\000t\000i\000o\000n\000s\000h\000i\000p\000\040\000D\000i\000a\000g\000r\000a\000m\000\040\000\050\000D\000a\000t\000a\000\040\000m\000o\000d\000e\000l\000l\000i\000n\000g\000\051}{}% 14
\BOOKMARK [1][-]{section.12}{\376\377\000G\000i\000t\000H\000u\000b\000\040\000L\000i\000n\000k}{}% 15
\BOOKMARK [1][-]{section.13}{\376\377\000C\000o\000n\000c\000l\000u\000s\000i\000o\000n}{}% 16
\BOOKMARK [1][-]{section.14}{\376\377\000R\000e\000f\000e\000r\000e\000n\000c\000e\000s}{}% 17
\BOOKMARK [2][-]{subsection.Alph0.1}{\376\377\0002\0006\000-\000S\000e\000p\000-\040\031\0002\0002}{section.14}% 18
\BOOKMARK [2][-]{subsection.Alph0.2}{\376\377\0003\0000\000-\000S\000e\000p\000-\040\031\0002\0002}{section.14}% 19
\BOOKMARK [2][-]{subsection.Alph0.3}{\376\377\0000\0004\000-\000O\000c\000t\000-\040\031\0002\0002\000\040\000a\000n\000d\000\040\0000\0005\000-\000O\000c\000t\000-\040\031\0002\0002}{section.14}% 20
\BOOKMARK [2][-]{subsection.Alph0.4}{\376\377\0001\0004\000-\000O\000c\000t\000-\040\031\0002\0002}{section.14}% 21
\BOOKMARK [2][-]{subsection.Alph0.5}{\376\377\0002\0001\000-\000O\000c\000t\000-\040\031\0002\0002\000\040\000t\000o\000\040\0002\0008\000-\000O\000c\000t\000-\040\031\0002\0002}{section.14}% 22
\BOOKMARK [2][-]{subsection.Alph0.6}{\376\377\0000\0001\000-\000N\000o\000v\000-\040\031\0002\0002}{section.14}% 23
\BOOKMARK [2][-]{subsection.Alph0.7}{\376\377\0000\0002\000-\000N\000o\000v\000-\040\031\0002\0002}{section.14}% 24
\BOOKMARK [2][-]{subsection.Alph0.8}{\376\377\0000\0002\000-\000N\000o\000v\000-\040\031\0002\0002}{section.14}% 25
\BOOKMARK [2][-]{subsection.Alph0.9}{\376\377\0001\0004\000-\000N\000o\000v\000-\040\031\0002\0002}{section.14}% 26
\BOOKMARK [2][-]{subsection.Alph0.10}{\376\377\0002\0004\000-\000N\000o\000v\000-\040\031\0002\0002}{section.14}% 27
\BOOKMARK [2][-]{subsection.Alph0.11}{\376\377\0002\0007\000-\000N\000o\000v\000-\040\031\0002\0002}{section.14}% 28
\BOOKMARK [2][-]{subsection.Alph0.12}{\376\377\0002\0008\000-\000N\000o\000v\000-\040\031\0002\0002}{section.14}% 29
